<?xml version="1.0" encoding="UTF-8"?>
<testsuite xmlns:xsi="http://www.w3.org/2001/XMLSchema-instance" xsi:noNamespaceSchemaLocation="https://maven.apache.org/surefire/maven-surefire-plugin/xsd/surefire-test-report.xsd" name="HdfsTest" time="4.058" tests="3" errors="0" skipped="0" failures="0">
  <properties>
[...]
</properties>
  <testcase name="test1" classname="HdfsTest" time="1.824"/>
  <testcase name="test2" classname="HdfsTest" time="0.027"/>
  <testcase name="test3" classname="HdfsTest" time="0.011"/>
</testsuite>